<?xml version="1.0" encoding="UTF-8"?>
<testsuite xmlns:xsi="http://www.w3.org/2001/XMLSchema-instance" xsi:noNamespaceSchemaLocation="https://maven.apache.org/surefire/maven-surefire-plugin/xsd/surefire-test-report.xsd" version="3.0.2" name="com.example.FrameTest" time="2.247" tests="12" errors="0" skipped="0" failures="0" flakes="0">
  <properties>
[...]
</properties>
  <testcase name="shouldAcceptThirdRollWhenLastFrameStartsWithStrike" classname="com.example.FrameTest" time="2.133"/>
  <testcase name="shouldIncreaseScoreWhenFirstRollIsMadeInStandardFrame" classname="com.example.FrameTest" time="0.006"/>
  <testcase name="shouldIncreaseScoreWhenSecondRollIsMadeInStandardFrame" classname="com.example.FrameTest" time="0.004"/>
  <testcase name="shouldIncreaseScoreWhenSecondRollIsMadeAfterStrikeInLastFrame" classname="com.example.FrameTest" time="0.004"/>
  <testcase name="shouldRejectSecondRollWhenStandardFrameStartsWithStrike" classname="com.example.FrameTest" time="0.005"/>
  <testcase name="shouldRejectThirdRollWhenStandardFrameAlreadyHasTwoRolls" classname="com.example.FrameTest" time="0.004"/>
  <testcase name="shouldIncreaseScoreWhenThirdRollIsMadeAfterSpareInLastFrame" classname="com.example.FrameTest" time="0.005"/>
  <testcase name="shouldIncreaseScoreWhenThirdRollIsMadeAfterStrikeInLastFrame" classname="com.example.FrameTest" time="0.004"/>
  <testcase name="shouldRejectFourthRollInLastFrame" classname="com.example.FrameTest" time="0.004"/>
  <testcase name="shouldAcceptSecondRollWhenLastFrameStartsWithStrike" classname="com.example.FrameTest" time="0.003"/>
  <testcase name="shouldRejectThirdRollWhenLastFrameHasNoStrikeOrSpare" classname="com.example.FrameTest" time="0.005"/>
  <testcase name="shouldAcceptThirdRollWhenLastFrameStartsWithSpare" classname="com.example.FrameTest" time="0.005"/>
</testsuite>