<?xml version="1.0" encoding="UTF-8"?>
<testsuite xmlns:xsi="http://www.w3.org/2001/XMLSchema-instance" xsi:noNamespaceSchemaLocation="https://maven.apache.org/surefire/maven-surefire-plugin/xsd/surefire-test-report.xsd" version="3.0.2" name="com.example.RunCucumberTest" time="3.698" tests="9" errors="0" skipped="0" failures="0" flakes="0">
  <properties>
[...]
</properties>
  <testcase name="La réservation est acceptée si le créneau commence après une réservation existante" classname="RunCucumberTest" time="2.172">
    <system-out><![CDATA[
&amp#27;[1mScenario:&amp#27;[22m La réservation est acceptée si le créneau commence après une réservation existante                                    &amp#27;[90m# classpath:features/booking-accepted-after-existing.feature:3&amp#27;[39m
  &amp#27;[32m✔&amp#27;[39m &amp#27;[32m&amp#27;[1mGiven &amp#27;[22mla salle &amp#27;[1m"F6"&amp#27;[22m existe avec une capacité maximale de &amp#27;[1m10&amp#27;[22m&amp#27;[39m                                                                 &amp#27;[90m# com.example.steps.BookingSteps.laSalleExiste(java.lang.String,int)&amp#27;[39m
  &amp#27;[32m✔&amp#27;[39m &amp#27;[32m&amp#27;[1mAnd &amp#27;[22mune réservation existante pour la salle &amp#27;[1m"F6"&amp#27;[22m de &amp#27;[1m"2026-06-12T10:00"&amp#27;[22m à &amp#27;[1m"2026-06-12T12:00"&amp#27;[22m&amp#27;[39m                                 &amp#27;[90m# com.example.steps.BookingSteps.uneReservationExistante(java.lang.String,java.lang.String,java.lang.String)&amp#27;[39m
  &amp#27;[32m✔&amp#27;[39m &amp#27;[32m&amp#27;[1mWhen &amp#27;[22ml'utilisateur &amp#27;[1m"grace@example.com"&amp#27;[22m réserve la salle &amp#27;[1m"F6"&amp#27;[22m pour &amp#27;[1m6&amp#27;[22m participants de &amp#27;[1m"2026-06-12T12:00"&amp#27;[22m à &amp#27;[1m"2026-06-12T14:00"&amp#27;[22m&amp#27;[39m &amp#27;[90m# com.example.steps.BookingSteps.lUtilisateurReserve(java.lang.String,java.lang.String,int,java.lang.String,java.lang.String)&amp#27;[39m
  &amp#27;[32m✔&amp#27;[39m &amp#27;[32m&amp#27;[1mThen &amp#27;[22mla réservation est acceptée&amp#27;[39m                                                                                            &amp#27;[90m# com.example.steps.BookingSteps.laReservationEstAcceptee()&amp#27;[39m
]]></system-out>
    <system-err><![CDATA[Mockito is currently self-attaching to enable the inline-mock-maker. This will no longer work in future releases of the JDK. Please add Mockito as an agent to your build as described in Mockito's documentation: https://javadoc.io/doc/org.mockito/mockito-core/latest/org.mockito/org/mockito/Mockito.html#0.3
WARNING: A Java agent has been loaded dynamically (C:\Users\Esteban Dauchy\.m2\repository\net\bytebuddy\byte-buddy-agent\1.17.7\byte-buddy-agent-1.17.7.jar)
WARNING: If a serviceability tool is in use, please run with -XX:+EnableDynamicAgentLoading to hide this warning
WARNING: If a serviceability tool is not in use, please run with -Djdk.instrument.traceUsage for more information
WARNING: Dynamic loading of agents will be disallowed by default in a future release
]]></system-err>
  </testcase>
  <testcase name="Réserver une salle existante avec une capacité suffisante" classname="RunCucumberTest" time="0.021">
    <system-out><![CDATA[
&amp#27;[1mScenario:&amp#27;[22m Réserver une salle existante avec une capacité suffisante                                                             &amp#27;[90m# classpath:features/booking-accepted.feature:3&amp#27;[39m
  &amp#27;[32m✔&amp#27;[39m &amp#27;[32m&amp#27;[1mGiven &amp#27;[22mla salle &amp#27;[1m"A1"&amp#27;[22m existe avec une capacité maximale de &amp#27;[1m10&amp#27;[22m&amp#27;[39m                                                                 &amp#27;[90m# com.example.steps.BookingSteps.laSalleExiste(java.lang.String,int)&amp#27;[39m
  &amp#27;[32m✔&amp#27;[39m &amp#27;[32m&amp#27;[1mAnd &amp#27;[22maucune réservation n'existe pour la salle &amp#27;[1m"A1"&amp#27;[22m&amp#27;[39m                                                                          &amp#27;[90m# com.example.steps.BookingSteps.aucuneReservationPourLaSalle(java.lang.String)&amp#27;[39m
  &amp#27;[32m✔&amp#27;[39m &amp#27;[32m&amp#27;[1mWhen &amp#27;[22ml'utilisateur &amp#27;[1m"alice@example.com"&amp#27;[22m réserve la salle &amp#27;[1m"A1"&amp#27;[22m pour &amp#27;[1m5&amp#27;[22m participants de &amp#27;[1m"2026-06-12T10:00"&amp#27;[22m à &amp#27;[1m"2026-06-12T12:00"&amp#27;[22m&amp#27;[39m &amp#27;[90m# com.example.steps.BookingSteps.lUtilisateurReserve(java.lang.String,java.lang.String,int,java.lang.String,java.lang.String)&amp#27;[39m
  &amp#27;[32m✔&amp#27;[39m &amp#27;[32m&amp#27;[1mThen &amp#27;[22mla réservation est acceptée&amp#27;[39m                                                                                            &amp#27;[90m# com.example.steps.BookingSteps.laReservationEstAcceptee()&amp#27;[39m
]]></system-out>
  </testcase>
  <testcase name="Réserver une salle à capacité maximale" classname="RunCucumberTest" time="0.013">
    <system-out><![CDATA[
&amp#27;[1mScenario:&amp#27;[22m Réserver une salle à capacité maximale                                                                              &amp#27;[90m# classpath:features/booking-accepted.feature:9&amp#27;[39m
  &amp#27;[32m✔&amp#27;[39m &amp#27;[32m&amp#27;[1mGiven &amp#27;[22mla salle &amp#27;[1m"B2"&amp#27;[22m existe avec une capacité maximale de &amp#27;[1m8&amp#27;[22m&amp#27;[39m                                                                &amp#27;[90m# com.example.steps.BookingSteps.laSalleExiste(java.lang.String,int)&amp#27;[39m
  &amp#27;[32m✔&amp#27;[39m &amp#27;[32m&amp#27;[1mAnd &amp#27;[22maucune réservation n'existe pour la salle &amp#27;[1m"B2"&amp#27;[22m&amp#27;[39m                                                                        &amp#27;[90m# com.example.steps.BookingSteps.aucuneReservationPourLaSalle(java.lang.String)&amp#27;[39m
  &amp#27;[32m✔&amp#27;[39m &amp#27;[32m&amp#27;[1mWhen &amp#27;[22ml'utilisateur &amp#27;[1m"bob@example.com"&amp#27;[22m réserve la salle &amp#27;[1m"B2"&amp#27;[22m pour &amp#27;[1m8&amp#27;[22m participants de &amp#27;[1m"2026-06-13T09:00"&amp#27;[22m à &amp#27;[1m"2026-06-13T11:00"&amp#27;[22m&amp#27;[39m &amp#27;[90m# com.example.steps.BookingSteps.lUtilisateurReserve(java.lang.String,java.lang.String,int,java.lang.String,java.lang.String)&amp#27;[39m
  &amp#27;[32m✔&amp#27;[39m &amp#27;[32m&amp#27;[1mThen &amp#27;[22mla réservation est acceptée&amp#27;[39m                                                                                          &amp#27;[90m# com.example.steps.BookingSteps.laReservationEstAcceptee()&amp#27;[39m
]]></system-out>
  </testcase>
  <testcase name="Une notification est envoyée en cas de succès" classname="RunCucumberTest" time="0.043">
    <system-out><![CDATA[
&amp#27;[1mScenario:&amp#27;[22m Une notification est envoyée en cas de succès                                                                         &amp#27;[90m# classpath:features/booking-notification.feature:3&amp#27;[39m
  &amp#27;[32m✔&amp#27;[39m &amp#27;[32m&amp#27;[1mGiven &amp#27;[22mla salle &amp#27;[1m"G7"&amp#27;[22m existe avec une capacité maximale de &amp#27;[1m10&amp#27;[22m&amp#27;[39m                                                                 &amp#27;[90m# com.example.steps.BookingSteps.laSalleExiste(java.lang.String,int)&amp#27;[39m
  &amp#27;[32m✔&amp#27;[39m &amp#27;[32m&amp#27;[1mAnd &amp#27;[22maucune réservation n'existe pour la salle &amp#27;[1m"G7"&amp#27;[22m&amp#27;[39m                                                                          &amp#27;[90m# com.example.steps.BookingSteps.aucuneReservationPourLaSalle(java.lang.String)&amp#27;[39m
  &amp#27;[32m✔&amp#27;[39m &amp#27;[32m&amp#27;[1mWhen &amp#27;[22ml'utilisateur &amp#27;[1m"henry@example.com"&amp#27;[22m réserve la salle &amp#27;[1m"G7"&amp#27;[22m pour &amp#27;[1m3&amp#27;[22m participants de &amp#27;[1m"2026-06-12T10:00"&amp#27;[22m à &amp#27;[1m"2026-06-12T11:00"&amp#27;[22m&amp#27;[39m &amp#27;[90m# com.example.steps.BookingSteps.lUtilisateurReserve(java.lang.String,java.lang.String,int,java.lang.String,java.lang.String)&amp#27;[39m
  &amp#27;[32m✔&amp#27;[39m &amp#27;[32m&amp#27;[1mThen &amp#27;[22mla réservation est acceptée&amp#27;[39m                                                                                            &amp#27;[90m# com.example.steps.BookingSteps.laReservationEstAcceptee()&amp#27;[39m
  &amp#27;[32m✔&amp#27;[39m &amp#27;[32m&amp#27;[1mAnd &amp#27;[22mune notification de confirmation est envoyée à &amp#27;[1m"henry@example.com"&amp#27;[22m&amp#27;[39m                                                      &amp#27;[90m# com.example.steps.BookingSteps.uneNotificationEstEnvoyee(java.lang.String)&amp#27;[39m
]]></system-out>
  </testcase>
  <testcase name="Aucune notification n&apos;est envoyée en cas d&apos;échec" classname="RunCucumberTest" time="0.016">
    <system-out><![CDATA[
&amp#27;[1mScenario:&amp#27;[22m Aucune notification n'est envoyée en cas d'échec                                                                     &amp#27;[90m# classpath:features/booking-notification.feature:10&amp#27;[39m
  &amp#27;[32m✔&amp#27;[39m &amp#27;[32m&amp#27;[1mGiven &amp#27;[22mla salle &amp#27;[1m"H8"&amp#27;[22m n'existe pas&amp#27;[39m                                                                                           &amp#27;[90m# com.example.steps.BookingSteps.laSalleNExistePas(java.lang.String)&amp#27;[39m
  &amp#27;[32m✔&amp#27;[39m &amp#27;[32m&amp#27;[1mWhen &amp#27;[22ml'utilisateur &amp#27;[1m"iris@example.com"&amp#27;[22m réserve la salle &amp#27;[1m"H8"&amp#27;[22m pour &amp#27;[1m2&amp#27;[22m participants de &amp#27;[1m"2026-06-12T10:00"&amp#27;[22m à &amp#27;[1m"2026-06-12T11:00"&amp#27;[22m&amp#27;[39m &amp#27;[90m# com.example.steps.BookingSteps.lUtilisateurReserve(java.lang.String,java.lang.String,int,java.lang.String,java.lang.String)&amp#27;[39m
  &amp#27;[32m✔&amp#27;[39m &amp#27;[32m&amp#27;[1mThen &amp#27;[22mla réservation est refusée&amp#27;[39m                                                                                            &amp#27;[90m# com.example.steps.BookingSteps.laReservationEstRefusee()&amp#27;[39m
  &amp#27;[32m✔&amp#27;[39m &amp#27;[32m&amp#27;[1mAnd &amp#27;[22maucune notification n'est envoyée à &amp#27;[1m"iris@example.com"&amp#27;[22m&amp#27;[39m                                                                 &amp#27;[90m# com.example.steps.BookingSteps.aucuneNotificationNestEnvoyee(java.lang.String)&amp#27;[39m
]]></system-out>
  </testcase>
  <testcase name="La réservation est refusée si le nombre de participants dépasse la capacité" classname="RunCucumberTest" time="0.018">
    <system-out><![CDATA[
&amp#27;[1mScenario:&amp#27;[22m La réservation est refusée si le nombre de participants dépasse la capacité                                           &amp#27;[90m# classpath:features/booking-rejected-capacity.feature:3&amp#27;[39m
  &amp#27;[32m✔&amp#27;[39m &amp#27;[32m&amp#27;[1mGiven &amp#27;[22mla salle &amp#27;[1m"C3"&amp#27;[22m existe avec une capacité maximale de &amp#27;[1m6&amp#27;[22m&amp#27;[39m                                                                  &amp#27;[90m# com.example.steps.BookingSteps.laSalleExiste(java.lang.String,int)&amp#27;[39m
  &amp#27;[32m✔&amp#27;[39m &amp#27;[32m&amp#27;[1mAnd &amp#27;[22maucune réservation n'existe pour la salle &amp#27;[1m"C3"&amp#27;[22m&amp#27;[39m                                                                          &amp#27;[90m# com.example.steps.BookingSteps.aucuneReservationPourLaSalle(java.lang.String)&amp#27;[39m
  &amp#27;[32m✔&amp#27;[39m &amp#27;[32m&amp#27;[1mWhen &amp#27;[22ml'utilisateur &amp#27;[1m"dave@example.com"&amp#27;[22m réserve la salle &amp#27;[1m"C3"&amp#27;[22m pour &amp#27;[1m10&amp#27;[22m participants de &amp#27;[1m"2026-06-12T14:00"&amp#27;[22m à &amp#27;[1m"2026-06-12T16:00"&amp#27;[22m&amp#27;[39m &amp#27;[90m# com.example.steps.BookingSteps.lUtilisateurReserve(java.lang.String,java.lang.String,int,java.lang.String,java.lang.String)&amp#27;[39m
  &amp#27;[32m✔&amp#27;[39m &amp#27;[32m&amp#27;[1mThen &amp#27;[22mla réservation est refusée&amp#27;[39m                                                                                             &amp#27;[90m# com.example.steps.BookingSteps.laReservationEstRefusee()&amp#27;[39m
  &amp#27;[32m✔&amp#27;[39m &amp#27;[32m&amp#27;[1mAnd &amp#27;[22mle motif de refus est &amp#27;[1m"Capacity exceeded"&amp#27;[22m&amp#27;[39m                                                                               &amp#27;[90m# com.example.steps.BookingSteps.leMotifDeRefusEst(java.lang.String)&amp#27;[39m
]]></system-out>
  </testcase>
  <testcase name="La réservation est refusée si la salle est déjà occupée" classname="RunCucumberTest" time="0.011">
    <system-out><![CDATA[
&amp#27;[1mScenario:&amp#27;[22m La réservation est refusée si la salle est déjà occupée                                                               &amp#27;[90m# classpath:features/booking-rejected-conflict.feature:3&amp#27;[39m
  &amp#27;[32m✔&amp#27;[39m &amp#27;[32m&amp#27;[1mGiven &amp#27;[22mla salle &amp#27;[1m"E5"&amp#27;[22m existe avec une capacité maximale de &amp#27;[1m10&amp#27;[22m&amp#27;[39m                                                                 &amp#27;[90m# com.example.steps.BookingSteps.laSalleExiste(java.lang.String,int)&amp#27;[39m
  &amp#27;[32m✔&amp#27;[39m &amp#27;[32m&amp#27;[1mAnd &amp#27;[22mune réservation existante pour la salle &amp#27;[1m"E5"&amp#27;[22m de &amp#27;[1m"2026-06-12T10:00"&amp#27;[22m à &amp#27;[1m"2026-06-12T12:00"&amp#27;[22m&amp#27;[39m                                 &amp#27;[90m# com.example.steps.BookingSteps.uneReservationExistante(java.lang.String,java.lang.String,java.lang.String)&amp#27;[39m
  &amp#27;[32m✔&amp#27;[39m &amp#27;[32m&amp#27;[1mWhen &amp#27;[22ml'utilisateur &amp#27;[1m"frank@example.com"&amp#27;[22m réserve la salle &amp#27;[1m"E5"&amp#27;[22m pour &amp#27;[1m5&amp#27;[22m participants de &amp#27;[1m"2026-06-12T11:00"&amp#27;[22m à &amp#27;[1m"2026-06-12T13:00"&amp#27;[22m&amp#27;[39m &amp#27;[90m# com.example.steps.BookingSteps.lUtilisateurReserve(java.lang.String,java.lang.String,int,java.lang.String,java.lang.String)&amp#27;[39m
  &amp#27;[32m✔&amp#27;[39m &amp#27;[32m&amp#27;[1mThen &amp#27;[22mla réservation est refusée&amp#27;[39m                                                                                             &amp#27;[90m# com.example.steps.BookingSteps.laReservationEstRefusee()&amp#27;[39m
  &amp#27;[32m✔&amp#27;[39m &amp#27;[32m&amp#27;[1mAnd &amp#27;[22mle motif de refus est &amp#27;[1m"Room already booked"&amp#27;[22m&amp#27;[39m                                                                             &amp#27;[90m# com.example.steps.BookingSteps.leMotifDeRefusEst(java.lang.String)&amp#27;[39m
]]></system-out>
  </testcase>
  <testcase name="La réservation est refusée si la date de fin est avant la date de début" classname="RunCucumberTest" time="0.023">
    <system-out><![CDATA[
&amp#27;[1mScenario:&amp#27;[22m La réservation est refusée si la date de fin est avant la date de début                                             &amp#27;[90m# classpath:features/booking-rejected-period.feature:3&amp#27;[39m
  &amp#27;[32m✔&amp#27;[39m &amp#27;[32m&amp#27;[1mGiven &amp#27;[22mla salle &amp#27;[1m"D4"&amp#27;[22m existe avec une capacité maximale de &amp#27;[1m12&amp#27;[22m&amp#27;[39m                                                               &amp#27;[90m# com.example.steps.BookingSteps.laSalleExiste(java.lang.String,int)&amp#27;[39m
  &amp#27;[32m✔&amp#27;[39m &amp#27;[32m&amp#27;[1mAnd &amp#27;[22maucune réservation n'existe pour la salle &amp#27;[1m"D4"&amp#27;[22m&amp#27;[39m                                                                        &amp#27;[90m# com.example.steps.BookingSteps.aucuneReservationPourLaSalle(java.lang.String)&amp#27;[39m
  &amp#27;[32m✔&amp#27;[39m &amp#27;[32m&amp#27;[1mWhen &amp#27;[22ml'utilisateur &amp#27;[1m"eve@example.com"&amp#27;[22m réserve la salle &amp#27;[1m"D4"&amp#27;[22m pour &amp#27;[1m4&amp#27;[22m participants de &amp#27;[1m"2026-06-12T16:00"&amp#27;[22m à &amp#27;[1m"2026-06-12T14:00"&amp#27;[22m&amp#27;[39m &amp#27;[90m# com.example.steps.BookingSteps.lUtilisateurReserve(java.lang.String,java.lang.String,int,java.lang.String,java.lang.String)&amp#27;[39m
  &amp#27;[32m✔&amp#27;[39m &amp#27;[32m&amp#27;[1mThen &amp#27;[22mla réservation est refusée&amp#27;[39m                                                                                           &amp#27;[90m# com.example.steps.BookingSteps.laReservationEstRefusee()&amp#27;[39m
  &amp#27;[32m✔&amp#27;[39m &amp#27;[32m&amp#27;[1mAnd &amp#27;[22mle motif de refus est &amp#27;[1m"Invalid period"&amp#27;[22m&amp#27;[39m                                                                                &amp#27;[90m# com.example.steps.BookingSteps.leMotifDeRefusEst(java.lang.String)&amp#27;[39m
]]></system-out>
  </testcase>
  <testcase name="La réservation est refusée si la salle n&apos;existe pas" classname="RunCucumberTest" time="0.01">
    <system-out><![CDATA[
&amp#27;[1mScenario:&amp#27;[22m La réservation est refusée si la salle n'existe pas                                                                   &amp#27;[90m# classpath:features/booking-rejected-room.feature:3&amp#27;[39m
  &amp#27;[32m✔&amp#27;[39m &amp#27;[32m&amp#27;[1mGiven &amp#27;[22mla salle &amp#27;[1m"Z9"&amp#27;[22m n'existe pas&amp#27;[39m                                                                                            &amp#27;[90m# com.example.steps.BookingSteps.laSalleNExistePas(java.lang.String)&amp#27;[39m
  &amp#27;[32m✔&amp#27;[39m &amp#27;[32m&amp#27;[1mWhen &amp#27;[22ml'utilisateur &amp#27;[1m"carol@example.com"&amp#27;[22m réserve la salle &amp#27;[1m"Z9"&amp#27;[22m pour &amp#27;[1m3&amp#27;[22m participants de &amp#27;[1m"2026-06-12T10:00"&amp#27;[22m à &amp#27;[1m"2026-06-12T11:00"&amp#27;[22m&amp#27;[39m &amp#27;[90m# com.example.steps.BookingSteps.lUtilisateurReserve(java.lang.String,java.lang.String,int,java.lang.String,java.lang.String)&amp#27;[39m
  &amp#27;[32m✔&amp#27;[39m &amp#27;[32m&amp#27;[1mThen &amp#27;[22mla réservation est refusée&amp#27;[39m                                                                                             &amp#27;[90m# com.example.steps.BookingSteps.laReservationEstRefusee()&amp#27;[39m
  &amp#27;[32m✔&amp#27;[39m &amp#27;[32m&amp#27;[1mAnd &amp#27;[22mle motif de refus est &amp#27;[1m"Room not found"&amp#27;[22m&amp#27;[39m                                                                                  &amp#27;[90m# com.example.steps.BookingSteps.leMotifDeRefusEst(java.lang.String)&amp#27;[39m
]]></system-out>
  </testcase>
</testsuite>