<?xml version="1.0" encoding="UTF-8"?>
<testsuite xmlns:xsi="http://www.w3.org/2001/XMLSchema-instance" xsi:noNamespaceSchemaLocation="https://maven.apache.org/surefire/maven-surefire-plugin/xsd/surefire-test-report.xsd" version="3.0.2" name="com.example.GradingCalculatorTest" time="0.165" tests="7" errors="0" skipped="0" failures="0" flakes="0">
  <properties>
[...]
</properties>
  <testcase name="shouldReturnFWhenGradeIs95AndPresenceIs55" classname="com.example.GradingCalculatorTest" time="0.084"/>
  <testcase name="shouldReturnBWhenGradeIs85AndPresenceIs90" classname="com.example.GradingCalculatorTest" time="0.009"/>
  <testcase name="shouldReturnFWhenGradeIs65AndPresenceIs55" classname="com.example.GradingCalculatorTest" time="0.002"/>
  <testcase name="shouldReturnAWhenGradeIs95AndPresenceIs90" classname="com.example.GradingCalculatorTest" time="0.003"/>
  <testcase name="shouldReturnFWhenGradeIs50AndPresenceIs90" classname="com.example.GradingCalculatorTest" time="0.002"/>
  <testcase name="shouldReturnBWhenGradeIs95AndPresenceIs65" classname="com.example.GradingCalculatorTest" time="0.002"/>
  <testcase name="shouldReturnCWhenGradeIs65AndPresenceIs90" classname="com.example.GradingCalculatorTest" time="0.003"/>
</testsuite>